app/build/outputs/logs/manifest-merger-debug-report.txt
-- Merging decision tree log ---
manifest
ADDED from src\main\AndroidManifest.xml:2:1-132:12
INJECTED from src\main\AndroidManifest.xml:2:1-132:12
INJECTED from src\main\AndroidManifest.xml:2:1-132:12
INJECTED from src\main\AndroidManifest.xml:2:1-132:12
MERGED from [com.android.support:percent:28.0.0] AndroidManifest.xml:17:1-22:12
MERGED from [:lib-todaystepcounter] AndroidManifest.xml:2:1-68:12
MERGED from [:base-lib-notification] AndroidManifest.xml:2:1-14:12
MERGED from [:lib-jlogger] AndroidManifest.xml:2:1-11:12
MERGED from [com.dalu9527:xrecyclerview:0.0.1] AndroidManifest.xml:2:1-17:12
MERGED from [com.android.support:design:28.0.0] AndroidManifest.xml:17:1-24:12
MERGED from [com.jaikydota.imagespickers:imagespickers:1.0.6] AndroidManifest.xml:2:1-32:12
MERGED from [org.dync.kathline:swipebackactivity:1.0.1] AndroidManifest.xml:2:1-14:12
MERGED from [com.yanzhenjie:permission:1.1.0] AndroidManifest.xml:17:1-33:12
MERGED from [com.yanzhenjie.alertdialog:alertdialog:1.0.1] AndroidManifest.xml:2:1-10:12
MERGED from [com.android.support:appcompat-v7:28.0.0] AndroidManifest.xml:17:1-22:12
MERGED from [com.android.support.constraint:constraint-layout:1.1.3] AndroidManifest.xml:2:1-11:12
MERGED from [com.android.support:cardview-v7:28.0.0] AndroidManifest.xml:17:1-22:12
MERGED from [cn.qqtheme.framework:AndroidPicker:1.1.0] AndroidManifest.xml:2:1-13:12
MERGED from [com.android.support:support-v4:28.0.0] AndroidManifest.xml:17:1-22:12
MERGED from [com.github.bumptech.glide:glide:4.5.0] AndroidManifest.xml:2:1-13:12
MERGED from [com.youth.banner:banner:1.4.10] AndroidManifest.xml:2:1-11:12
MERGED from [cn.jzvd:jiaozivideoplayer:6.2.9] AndroidManifest.xml:2:1-13:12
MERGED from [com.android.support:multidex:1.0.3] AndroidManifest.xml:17:1-22:12
MERGED from [com.davemorrissey.labs:subsampling-scale-image-view:3.10.0] AndroidManifest.xml:2:1-11:12
MERGED from [de.hdodenhof:circleimageview:2.2.0] AndroidManifest.xml:2:1-11:12
MERGED from [com.github.Aspsine:SwipeToLoadLayout:1.0.4] AndroidManifest.xml:2:1-14:12
MERGED from [com.jakewharton:butterknife:8.8.0] AndroidManifest.xml:2:1-7:12
MERGED from [io.reactivex.rxjava2:rxandroid:2.0.1] AndroidManifest.xml:15:1-21:12
MERGED from [com.android.support:support-fragment:28.0.0] AndroidManifest.xml:17:1-22:12
MERGED from [com.android.support:animated-vector-drawable:28.0.0] AndroidManifest.xml:17:1-22:12
MERGED from [com.android.support:recyclerview-v7:28.0.0] AndroidManifest.xml:17:1-22:12
MERGED from [com.android.support:support-core-ui:28.0.0] AndroidManifest.xml:17:1-22:12
MERGED from [com.android.support:support-core-utils:28.0.0] AndroidManifest.xml:17:1-22:12
MERGED from [com.android.support:support-vector-drawable:28.0.0] AndroidManifest.xml:17:1-22:12
MERGED from [com.android.support:transition:28.0.0] AndroidManifest.xml:17:1-22:12
MERGED from [com.android.support:support-media-compat:28.0.0] AndroidManifest.xml:17:1-22:12
MERGED from [com.android.support:loader:28.0.0] AndroidManifest.xml:17:1-22:12
MERGED from [com.android.support:viewpager:28.0.0] AndroidManifest.xml:17:1-22:12
MERGED from [com.android.support:coordinatorlayout:28.0.0] AndroidManifest.xml:17:1-22:12
MERGED from [com.android.support:drawerlayout:28.0.0] AndroidManifest.xml:17:1-22:12
MERGED from [com.android.support:slidingpanelayout:28.0.0] AndroidManifest.xml:17:1-22:12
MERGED from [com.android.support:customview:28.0.0] AndroidManifest.xml:17:1-22:12
MERGED from [com.android.support:swiperefreshlayout:28.0.0] AndroidManifest.xml:17:1-22:12
MERGED from [com.android.support:asynclayoutinflater:28.0.0] AndroidManifest.xml:17:1-22:12
MERGED from [com.android.support:support-compat:28.0.0] AndroidManifest.xml:17:1-24:12
MERGED from [com.android.support:versionedparcelable:28.0.0] AndroidManifest.xml:17:1-25:12
MERGED from [com.android.support:cursoradapter:28.0.0] AndroidManifest.xml:17:1-22:12
MERGED from [com.github.bumptech.glide:gifdecoder:4.5.0] AndroidManifest.xml:2:1-11:12
MERGED from [com.android.support:exifinterface:27.1.0] AndroidManifest.xml:17:1-22:12
MERGED from [android.arch.lifecycle:runtime:1.1.1] AndroidManifest.xml:17:1-22:12
MERGED from [com.android.support:documentfile:28.0.0] AndroidManifest.xml:17:1-22:12
MERGED from [com.android.support:localbroadcastmanager:28.0.0] AndroidManifest.xml:17:1-22:12
MERGED from [com.android.support:print:28.0.0] AndroidManifest.xml:17:1-22:12
MERGED from [android.arch.lifecycle:viewmodel:1.1.1] AndroidManifest.xml:17:1-22:12
MERGED from [com.android.support:interpolator:28.0.0] AndroidManifest.xml:17:1-22:12
MERGED from [android.arch.lifecycle:livedata:1.1.1] AndroidManifest.xml:17:1-22:12
MERGED from [android.arch.lifecycle:livedata-core:1.1.1] AndroidManifest.xml:17:1-22:12
MERGED from [android.arch.core:runtime:1.1.1] AndroidManifest.xml:17:1-22:12
INJECTED from src\main\AndroidManifest.xml:2:1-132:12
INJECTED from src\main\AndroidManifest.xml:2:1-132:12
INJECTED from src\main\AndroidManifest.xml:2:1-132:12
	package
		ADDED from src\main\AndroidManifest.xml:4:5-35
		INJECTED from src\main\AndroidManifest.xml
		INJECTED from src\main\AndroidManifest.xml
	android:versionName
		INJECTED from src\main\AndroidManifest.xml
		ADDED from src\main\AndroidManifest.xml:2:1-132:12
		INJECTED from src\main\AndroidManifest.xml
	xmlns:tools
		ADDED from src\main\AndroidManifest.xml:3:5-51
	android:versionCode
		INJECTED from src\main\AndroidManifest.xml
		ADDED from src\main\AndroidManifest.xml:2:1-132:12
		INJECTED from src\main\AndroidManifest.xml
	xmlns:android
		ADDED from src\main\AndroidManifest.xml:2:11-69
uses-permission#android.permission.ACCESS_NETWORK_STATE
ADDED from src\main\AndroidManifest.xml:5:5-79
MERGED from [cn.jzvd:jiaozivideoplayer:6.2.9] AndroidManifest.xml:11:5-79
MERGED from [cn.jzvd:jiaozivideoplayer:6.2.9] AndroidManifest.xml:11:5-79
	android:name
		ADDED from src\main\AndroidManifest.xml:5:22-76
uses-permission#android.permission.READ_PHONE_STATE
ADDED from src\main\AndroidManifest.xml:6:5-75
	android:name
		ADDED from src\main\AndroidManifest.xml:6:22-72
uses-permission#android.permission.USE_FINGERPRINT
ADDED from src\main\AndroidManifest.xml:7:5-74
	android:name
		ADDED from src\main\AndroidManifest.xml:7:22-71
uses-permission#android.permission.READ_EXTERNAL_STORAGE
ADDED from src\main\AndroidManifest.xml:8:5-80
MERGED from [:lib-todaystepcounter] AndroidManifest.xml:11:5-80
MERGED from [:lib-todaystepcounter] AndroidManifest.xml:11:5-80
MERGED from [com.jaikydota.imagespickers:imagespickers:1.0.6] AndroidManifest.xml:12:5-80
MERGED from [com.jaikydota.imagespickers:imagespickers:1.0.6] AndroidManifest.xml:12:5-80
MERGED from [cn.qqtheme.framework:AndroidPicker:1.1.0] AndroidManifest.xml:11:5-80
MERGED from [cn.qqtheme.framework:AndroidPicker:1.1.0] AndroidManifest.xml:11:5-80
	android:name
		ADDED from src\main\AndroidManifest.xml:8:22-77
uses-permission#android.permission.INTERNET
ADDED from src\main\AndroidManifest.xml:9:5-67
	android:name
		ADDED from src\main\AndroidManifest.xml:9:22-64
uses-permission#android.permission.ACCESS_WIFI_STATE
ADDED from src\main\AndroidManifest.xml:10:5-76
	android:name
		ADDED from src\main\AndroidManifest.xml:10:22-73
uses-permission#android.permission.WRITE_EXTERNAL_STORAGE
ADDED from src\main\AndroidManifest.xml:11:5-81
MERGED from [:lib-todaystepcounter] AndroidManifest.xml:12:5-81
MERGED from [:lib-todaystepcounter] AndroidManifest.xml:12:5-81
MERGED from [com.jaikydota.imagespickers:imagespickers:1.0.6] AndroidManifest.xml:14:5-81
MERGED from [com.jaikydota.imagespickers:imagespickers:1.0.6] AndroidManifest.xml:14:5-81
	android:name
		ADDED from src\main\AndroidManifest.xml:11:22-78
uses-permission#android.permission.CHANGE_NETWORK_STATE
ADDED from src\main\AndroidManifest.xml:12:5-79
	android:name
		ADDED from src\main\AndroidManifest.xml:12:22-76
uses-permission#android.permission.CHANGE_WIFI_STATE
ADDED from src\main\AndroidManifest.xml:13:5-76
	android:name
		ADDED from src\main\AndroidManifest.xml:13:22-73
uses-permission#android.permission.CAMERA
ADDED from src\main\AndroidManifest.xml:15:5-65
	android:name
		ADDED from src\main\AndroidManifest.xml:15:22-62
uses-permission#android.permission.RECEIVE_BOOT_COMPLETED
ADDED from src\main\AndroidManifest.xml:17:5-81
MERGED from [:lib-todaystepcounter] AndroidManifest.xml:14:5-81
MERGED from [:lib-todaystepcounter] AndroidManifest.xml:14:5-81
	android:name
		ADDED from src\main\AndroidManifest.xml:17:22-78
uses-permission#android.permission.ACCESS_COARSE_LOCATION
ADDED from src\main\AndroidManifest.xml:21:5-97
	android:name
		ADDED from src\main\AndroidManifest.xml:21:22-78
uses-permission#android.permission.ACCESS_FINE_LOCATION
ADDED from src\main\AndroidManifest.xml:23:5-95
	android:name
		ADDED from src\main\AndroidManifest.xml:23:22-76
uses-permission#android.permission.ACCESS_LOCATION_EXTRA_COMMANDS
ADDED from src\main\AndroidManifest.xml:39:5-105
	android:name
		ADDED from src\main\AndroidManifest.xml:39:22-86
uses-permission#android.permission.REQUEST_IGNORE_BATTERY_OPTIMIZATIONS
ADDED from src\main\AndroidManifest.xml:41:5-111
	android:name
		ADDED from src\main\AndroidManifest.xml:41:22-92
uses-permission#com.android.launcher.permission.READ_SETTINGS
ADDED from src\main\AndroidManifest.xml:52:5-85
MERGED from [:lib-todaystepcounter] AndroidManifest.xml:15:5-85
MERGED from [:lib-todaystepcounter] AndroidManifest.xml:15:5-85
	android:name
		ADDED from src\main\AndroidManifest.xml:52:22-82
uses-permission#android.permission.WAKE_LOCK
ADDED from src\main\AndroidManifest.xml:66:5-68
MERGED from [:lib-todaystepcounter] AndroidManifest.xml:13:5-68
MERGED from [:lib-todaystepcounter] AndroidManifest.xml:13:5-68
	android:name
		ADDED from src\main\AndroidManifest.xml:66:22-65
application
ADDED from src\main\AndroidManifest.xml:70:5-130:19
MERGED from [:lib-todaystepcounter] AndroidManifest.xml:25:5-66:19
MERGED from [:lib-todaystepcounter] AndroidManifest.xml:25:5-66:19
MERGED from [:base-lib-notification] AndroidManifest.xml:11:5-12:19
MERGED from [:base-lib-notification] AndroidManifest.xml:11:5-12:19
MERGED from [com.dalu9527:xrecyclerview:0.0.1] AndroidManifest.xml:11:5-15:19
MERGED from [com.dalu9527:xrecyclerview:0.0.1] AndroidManifest.xml:11:5-15:19
MERGED from [com.android.support:design:28.0.0] AndroidManifest.xml:22:5-20
MERGED from [com.android.support:design:28.0.0] AndroidManifest.xml:22:5-20
MERGED from [com.jaikydota.imagespickers:imagespickers:1.0.6] AndroidManifest.xml:18:5-30:19
MERGED from [com.jaikydota.imagespickers:imagespickers:1.0.6] AndroidManifest.xml:18:5-30:19
MERGED from [org.dync.kathline:swipebackactivity:1.0.1] AndroidManifest.xml:12:5-20
MERGED from [org.dync.kathline:swipebackactivity:1.0.1] AndroidManifest.xml:12:5-20
MERGED from [com.yanzhenjie:permission:1.1.0] AndroidManifest.xml:24:5-31:19
MERGED from [com.yanzhenjie:permission:1.1.0] AndroidManifest.xml:24:5-31:19
MERGED from [com.android.support.constraint:constraint-layout:1.1.3] AndroidManifest.xml:9:5-20
MERGED from [com.android.support.constraint:constraint-layout:1.1.3] AndroidManifest.xml:9:5-20
MERGED from [com.github.bumptech.glide:glide:4.5.0] AndroidManifest.xml:11:5-20
MERGED from [com.github.bumptech.glide:glide:4.5.0] AndroidManifest.xml:11:5-20
MERGED from [de.hdodenhof:circleimageview:2.2.0] AndroidManifest.xml:9:5-20
MERGED from [de.hdodenhof:circleimageview:2.2.0] AndroidManifest.xml:9:5-20
MERGED from [com.github.Aspsine:SwipeToLoadLayout:1.0.4] AndroidManifest.xml:12:5-20
MERGED from [com.github.Aspsine:SwipeToLoadLayout:1.0.4] AndroidManifest.xml:12:5-20
MERGED from [com.android.support:support-compat:28.0.0] AndroidManifest.xml:22:5-94
MERGED from [com.android.support:support-compat:28.0.0] AndroidManifest.xml:22:5-94
MERGED from [com.android.support:versionedparcelable:28.0.0] AndroidManifest.xml:22:5-23:19
MERGED from [com.android.support:versionedparcelable:28.0.0] AndroidManifest.xml:22:5-23:19
MERGED from [com.github.bumptech.glide:gifdecoder:4.5.0] AndroidManifest.xml:9:5-20
MERGED from [com.github.bumptech.glide:gifdecoder:4.5.0] AndroidManifest.xml:9:5-20
	android:appComponentFactory
		ADDED from [com.android.support:support-compat:28.0.0] AndroidManifest.xml:22:18-91
	android:supportsRtl
		ADDED from src\main\AndroidManifest.xml:76:9-35
	android:label
		ADDED from src\main\AndroidManifest.xml:74:9-41
	tools:ignore
		ADDED from src\main\AndroidManifest.xml:78:9-48
	android:roundIcon
		ADDED from src\main\AndroidManifest.xml:75:9-48
	android:icon
		ADDED from src\main\AndroidManifest.xml:73:9-43
	android:allowBackup
		ADDED from src\main\AndroidManifest.xml:72:9-35
	android:theme
		ADDED from src\main\AndroidManifest.xml:77:9-52
	android:name
		ADDED from src\main\AndroidManifest.xml:71:9-43
meta-data#com.baidu.lbsapi.API_KEY
ADDED from src\main\AndroidManifest.xml:81:9-83:64
	android:value
		ADDED from src\main\AndroidManifest.xml:83:13-61
	android:name
		ADDED from src\main\AndroidManifest.xml:82:13-52
provider#android.support.v4.content.FileProvider
ADDED from src\main\AndroidManifest.xml:85:9-93:20
	android:grantUriPermissions
		ADDED from src\main\AndroidManifest.xml:89:13-47
	android:authorities
		ADDED from src\main\AndroidManifest.xml:87:13-68
	android:exported
		ADDED from src\main\AndroidManifest.xml:88:13-37
	android:name
		ADDED from src\main\AndroidManifest.xml:86:13-67
meta-data#android.support.FILE_PROVIDER_PATHS
ADDED from src\main\AndroidManifest.xml:90:13-92:54
	android:resource
		ADDED from src\main\AndroidManifest.xml:92:17-51
	android:name
		ADDED from src\main\AndroidManifest.xml:91:17-67
activity#com.ukjava.myrunning.main.LoginActivity
ADDED from src\main\AndroidManifest.xml:95:9-101:20
	android:name
		ADDED from src\main\AndroidManifest.xml:95:19-53
intent-filter#action:name:android.intent.action.MAIN+category:name:android.intent.category.LAUNCHER
ADDED from src\main\AndroidManifest.xml:96:13-100:29
action#android.intent.action.MAIN
ADDED from src\main\AndroidManifest.xml:97:17-69
	android:name
		ADDED from src\main\AndroidManifest.xml:97:25-66
category#android.intent.category.LAUNCHER
ADDED from src\main\AndroidManifest.xml:99:17-77
	android:name
		ADDED from src\main\AndroidManifest.xml:99:27-74
activity#com.ukjava.myrunning.main.StartPageActivity
ADDED from src\main\AndroidManifest.xml:102:9-59
	android:name
		ADDED from src\main\AndroidManifest.xml:102:19-57
activity#com.ukjava.myrunning.main.MainActivity
ADDED from src\main\AndroidManifest.xml:103:9-54
	android:name
		ADDED from src\main\AndroidManifest.xml:103:19-52
activity#com.ukjava.myrunning.module.settings.SettingsActivity
ADDED from src\main\AndroidManifest.xml:104:9-69
	android:name
		ADDED from src\main\AndroidManifest.xml:104:19-67
activity#com.ukjava.myrunning.module.settings.person.activity.PersonActivity
ADDED from src\main\AndroidManifest.xml:105:9-83
	android:name
		ADDED from src\main\AndroidManifest.xml:105:19-81
activity#com.ukjava.myrunning.baidu.BaiduMapActivity
ADDED from src\main\AndroidManifest.xml:106:9-59
	android:name
		ADDED from src\main\AndroidManifest.xml:106:19-57
activity#com.ukjava.myrunning.step.RunningActivity
ADDED from src\main\AndroidManifest.xml:107:9-57
	android:name
		ADDED from src\main\AndroidManifest.xml:107:19-55
activity#com.ukjava.myrunning.step.CountDownActivity
ADDED from src\main\AndroidManifest.xml:108:9-59
	android:name
		ADDED from src\main\AndroidManifest.xml:108:19-57
activity#com.ukjava.myrunning.step.StepFinishActivity
ADDED from src\main\AndroidManifest.xml:109:9-60
	android:name
		ADDED from src\main\AndroidManifest.xml:109:19-58
activity#com.ukjava.myrunning.module.news.NewsActivity
ADDED from src\main\AndroidManifest.xml:110:9-61
	android:name
		ADDED from src\main\AndroidManifest.xml:110:19-59
activity#com.ukjava.myrunning.step.RunningRecordActivity
ADDED from src\main\AndroidManifest.xml:111:9-63
	android:name
		ADDED from src\main\AndroidManifest.xml:111:19-61
activity#com.ukjava.myrunning.module.news.NewsDetailActivity
ADDED from src\main\AndroidManifest.xml:112:9-67
	android:name
		ADDED from src\main\AndroidManifest.xml:112:19-65
activity#com.ukjava.myrunning.weather.WeatherActivity
ADDED from src\main\AndroidManifest.xml:113:9-60
	android:name
		ADDED from src\main\AndroidManifest.xml:113:19-58
activity#com.ukjava.myrunning.weather.OtherWeatherActivity
ADDED from src\main\AndroidManifest.xml:114:9-65
	android:name
		ADDED from src\main\AndroidManifest.xml:114:19-63
activity#com.ukjava.myrunning.weather.OtherWterActivity
ADDED from src\main\AndroidManifest.xml:115:9-62
	android:name
		ADDED from src\main\AndroidManifest.xml:115:19-60
activity#com.ukjava.myrunning.module.adverts.ImageActivity
ADDED from src\main\AndroidManifest.xml:116:9-65
	android:name
		ADDED from src\main\AndroidManifest.xml:116:19-63
receiver#com.ukjava.myrunning.step.MyReceiver
ADDED from src\main\AndroidManifest.xml:118:9-121:48
	android:enabled
		ADDED from src\main\AndroidManifest.xml:120:13-35
	android:exported
		ADDED from src\main\AndroidManifest.xml:121:13-36
	android:name
		ADDED from src\main\AndroidManifest.xml:119:13-44
service#com.baidu.trace.LBSTraceService
ADDED from src\main\AndroidManifest.xml:124:9-128:19
	android:process
		ADDED from src\main\AndroidManifest.xml:127:13-38
	android:enabled
		ADDED from src\main\AndroidManifest.xml:126:13-35
	android:name
		ADDED from src\main\AndroidManifest.xml:125:13-59
uses-sdk
INJECTED from src\main\AndroidManifest.xml reason: use-sdk injection requested
INJECTED from src\main\AndroidManifest.xml
INJECTED from src\main\AndroidManifest.xml
MERGED from [com.android.support:percent:28.0.0] AndroidManifest.xml:20:5-44
MERGED from [com.android.support:percent:28.0.0] AndroidManifest.xml:20:5-44
MERGED from [:lib-todaystepcounter] AndroidManifest.xml:7:5-9:41
MERGED from [:lib-todaystepcounter] AndroidManifest.xml:7:5-9:41
MERGED from [:base-lib-notification] AndroidManifest.xml:7:5-9:41
MERGED from [:base-lib-notification] AndroidManifest.xml:7:5-9:41
MERGED from [:lib-jlogger] AndroidManifest.xml:7:5-9:41
MERGED from [:lib-jlogger] AndroidManifest.xml:7:5-9:41
MERGED from [com.dalu9527:xrecyclerview:0.0.1] AndroidManifest.xml:7:5-9:41
MERGED from [com.dalu9527:xrecyclerview:0.0.1] AndroidManifest.xml:7:5-9:41
MERGED from [com.android.support:design:28.0.0] AndroidManifest.xml:20:5-44
MERGED from [com.android.support:design:28.0.0] AndroidManifest.xml:20:5-44
MERGED from [com.jaikydota.imagespickers:imagespickers:1.0.6] AndroidManifest.xml:7:5-9:41
MERGED from [com.jaikydota.imagespickers:imagespickers:1.0.6] AndroidManifest.xml:7:5-9:41
MERGED from [org.dync.kathline:swipebackactivity:1.0.1] AndroidManifest.xml:8:5-10:41
MERGED from [org.dync.kathline:swipebackactivity:1.0.1] AndroidManifest.xml:8:5-10:41
MERGED from [com.yanzhenjie:permission:1.1.0] AndroidManifest.xml:20:5-22:41
MERGED from [com.yanzhenjie:permission:1.1.0] AndroidManifest.xml:20:5-22:41
MERGED from [com.yanzhenjie.alertdialog:alertdialog:1.0.1] AndroidManifest.xml:6:5-8:41
MERGED from [com.yanzhenjie.alertdialog:alertdialog:1.0.1] AndroidManifest.xml:6:5-8:41
MERGED from [com.android.support:appcompat-v7:28.0.0] AndroidManifest.xml:20:5-44
MERGED from [com.android.support:appcompat-v7:28.0.0] AndroidManifest.xml:20:5-44
MERGED from [com.android.support.constraint:constraint-layout:1.1.3] AndroidManifest.xml:5:5-7:41
MERGED from [com.android.support.constraint:constraint-layout:1.1.3] AndroidManifest.xml:5:5-7:41
MERGED from [com.android.support:cardview-v7:28.0.0] AndroidManifest.xml:20:5-44
MERGED from [com.android.support:cardview-v7:28.0.0] AndroidManifest.xml:20:5-44
MERGED from [cn.qqtheme.framework:AndroidPicker:1.1.0] AndroidManifest.xml:7:5-9:41
MERGED from [cn.qqtheme.framework:AndroidPicker:1.1.0] AndroidManifest.xml:7:5-9:41
MERGED from [com.android.support:support-v4:28.0.0] AndroidManifest.xml:20:5-44
MERGED from [com.android.support:support-v4:28.0.0] AndroidManifest.xml:20:5-44
MERGED from [com.github.bumptech.glide:glide:4.5.0] AndroidManifest.xml:7:5-9:41
MERGED from [com.github.bumptech.glide:glide:4.5.0] AndroidManifest.xml:7:5-9:41
MERGED from [com.youth.banner:banner:1.4.10] AndroidManifest.xml:7:5-9:41
MERGED from [com.youth.banner:banner:1.4.10] AndroidManifest.xml:7:5-9:41
MERGED from [cn.jzvd:jiaozivideoplayer:6.2.9] AndroidManifest.xml:7:5-9:41
MERGED from [cn.jzvd:jiaozivideoplayer:6.2.9] AndroidManifest.xml:7:5-9:41
MERGED from [com.android.support:multidex:1.0.3] AndroidManifest.xml:20:5-43
MERGED from [com.android.support:multidex:1.0.3] AndroidManifest.xml:20:5-43
MERGED from [com.davemorrissey.labs:subsampling-scale-image-view:3.10.0] AndroidManifest.xml:7:5-9:41
MERGED from [com.davemorrissey.labs:subsampling-scale-image-view:3.10.0] AndroidManifest.xml:7:5-9:41
MERGED from [de.hdodenhof:circleimageview:2.2.0] AndroidManifest.xml:5:5-7:41
MERGED from [de.hdodenhof:circleimageview:2.2.0] AndroidManifest.xml:5:5-7:41
MERGED from [com.github.Aspsine:SwipeToLoadLayout:1.0.4] AndroidManifest.xml:8:5-10:41
MERGED from [com.github.Aspsine:SwipeToLoadLayout:1.0.4] AndroidManifest.xml:8:5-10:41
MERGED from [com.jakewharton:butterknife:8.8.0] AndroidManifest.xml:5:5-43
MERGED from [com.jakewharton:butterknife:8.8.0] AndroidManifest.xml:5:5-43
MERGED from [io.reactivex.rxjava2:rxandroid:2.0.1] AndroidManifest.xml:19:5-43
MERGED from [io.reactivex.rxjava2:rxandroid:2.0.1] AndroidManifest.xml:19:5-43
MERGED from [com.android.support:support-fragment:28.0.0] AndroidManifest.xml:20:5-44
MERGED from [com.android.support:support-fragment:28.0.0] AndroidManifest.xml:20:5-44
MERGED from [com.android.support:animated-vector-drawable:28.0.0] AndroidManifest.xml:20:5-44
MERGED from [com.android.support:animated-vector-drawable:28.0.0] AndroidManifest.xml:20:5-44
MERGED from [com.android.support:recyclerview-v7:28.0.0] AndroidManifest.xml:20:5-44
MERGED from [com.android.support:recyclerview-v7:28.0.0] AndroidManifest.xml:20:5-44
MERGED from [com.android.support:support-core-ui:28.0.0] AndroidManifest.xml:20:5-44
MERGED from [com.android.support:support-core-ui:28.0.0] AndroidManifest.xml:20:5-44
MERGED from [com.android.support:support-core-utils:28.0.0] AndroidManifest.xml:20:5-44
MERGED from [com.android.support:support-core-utils:28.0.0] AndroidManifest.xml:20:5-44
MERGED from [com.android.support:support-vector-drawable:28.0.0] AndroidManifest.xml:20:5-44
MERGED from [com.android.support:support-vector-drawable:28.0.0] AndroidManifest.xml:20:5-44
MERGED from [com.android.support:transition:28.0.0] AndroidManifest.xml:20:5-44
MERGED from [com.android.support:transition:28.0.0] AndroidManifest.xml:20:5-44
MERGED from [com.android.support:support-media-compat:28.0.0] AndroidManifest.xml:20:5-44
MERGED from [com.android.support:support-media-compat:28.0.0] AndroidManifest.xml:20:5-44
MERGED from [com.android.support:loader:28.0.0] AndroidManifest.xml:20:5-44
MERGED from [com.android.support:loader:28.0.0] AndroidManifest.xml:20:5-44
MERGED from [com.android.support:viewpager:28.0.0] AndroidManifest.xml:20:5-44
MERGED from [com.android.support:viewpager:28.0.0] AndroidManifest.xml:20:5-44
MERGED from [com.android.support:coordinatorlayout:28.0.0] AndroidManifest.xml:20:5-44
MERGED from [com.android.support:coordinatorlayout:28.0.0] AndroidManifest.xml:20:5-44
MERGED from [com.android.support:drawerlayout:28.0.0] AndroidManifest.xml:20:5-44
MERGED from [com.android.support:drawerlayout:28.0.0] AndroidManifest.xml:20:5-44
MERGED from [com.android.support:slidingpanelayout:28.0.0] AndroidManifest.xml:20:5-44
MERGED from [com.android.support:slidingpanelayout:28.0.0] AndroidManifest.xml:20:5-44
MERGED from [com.android.support:customview:28.0.0] AndroidManifest.xml:20:5-44
MERGED from [com.android.support:customview:28.0.0] AndroidManifest.xml:20:5-44
MERGED from [com.android.support:swiperefreshlayout:28.0.0] AndroidManifest.xml:20:5-44
MERGED from [com.android.support:swiperefreshlayout:28.0.0] AndroidManifest.xml:20:5-44
MERGED from [com.android.support:asynclayoutinflater:28.0.0] AndroidManifest.xml:20:5-44
MERGED from [com.android.support:asynclayoutinflater:28.0.0] AndroidManifest.xml:20:5-44
MERGED from [com.android.support:support-compat:28.0.0] AndroidManifest.xml:20:5-44
MERGED from [com.android.support:support-compat:28.0.0] AndroidManifest.xml:20:5-44
MERGED from [com.android.support:versionedparcelable:28.0.0] AndroidManifest.xml:20:5-44
MERGED from [com.android.support:versionedparcelable:28.0.0] AndroidManifest.xml:20:5-44
MERGED from [com.android.support:cursoradapter:28.0.0] AndroidManifest.xml:20:5-44
MERGED from [com.android.support:cursoradapter:28.0.0] AndroidManifest.xml:20:5-44
MERGED from [com.github.bumptech.glide:gifdecoder:4.5.0] AndroidManifest.xml:5:5-7:41
MERGED from [com.github.bumptech.glide:gifdecoder:4.5.0] AndroidManifest.xml:5:5-7:41
MERGED from [com.android.support:exifinterface:27.1.0] AndroidManifest.xml:20:5-44
MERGED from [com.android.support:exifinterface:27.1.0] AndroidManifest.xml:20:5-44
MERGED from [android.arch.lifecycle:runtime:1.1.1] AndroidManifest.xml:20:5-44
MERGED from [android.arch.lifecycle:runtime:1.1.1] AndroidManifest.xml:20:5-44
MERGED from [com.android.support:documentfile:28.0.0] AndroidManifest.xml:20:5-44
MERGED from [com.android.support:documentfile:28.0.0] AndroidManifest.xml:20:5-44
MERGED from [com.android.support:localbroadcastmanager:28.0.0] AndroidManifest.xml:20:5-44
MERGED from [com.android.support:localbroadcastmanager:28.0.0] AndroidManifest.xml:20:5-44
MERGED from [com.android.support:print:28.0.0] AndroidManifest.xml:20:5-44
MERGED from [com.android.support:print:28.0.0] AndroidManifest.xml:20:5-44
MERGED from [android.arch.lifecycle:viewmodel:1.1.1] AndroidManifest.xml:20:5-44
MERGED from [android.arch.lifecycle:viewmodel:1.1.1] AndroidManifest.xml:20:5-44
MERGED from [com.android.support:interpolator:28.0.0] AndroidManifest.xml:20:5-44
MERGED from [com.android.support:interpolator:28.0.0] AndroidManifest.xml:20:5-44
MERGED from [android.arch.lifecycle:livedata:1.1.1] AndroidManifest.xml:20:5-44
MERGED from [android.arch.lifecycle:livedata:1.1.1] AndroidManifest.xml:20:5-44
MERGED from [android.arch.lifecycle:livedata-core:1.1.1] AndroidManifest.xml:20:5-44
MERGED from [android.arch.lifecycle:livedata-core:1.1.1] AndroidManifest.xml:20:5-44
MERGED from [android.arch.core:runtime:1.1.1] AndroidManifest.xml:20:5-44
MERGED from [android.arch.core:runtime:1.1.1] AndroidManifest.xml:20:5-44
INJECTED from src\main\AndroidManifest.xml
INJECTED from src\main\AndroidManifest.xml
	android:targetSdkVersion
		INJECTED from src\main\AndroidManifest.xml
		ADDED from src\main\AndroidManifest.xml
		INJECTED from src\main\AndroidManifest.xml
	android:minSdkVersion
		INJECTED from src\main\AndroidManifest.xml
		ADDED from src\main\AndroidManifest.xml
		INJECTED from src\main\AndroidManifest.xml
uses-feature#android.hardware.sensor.stepcounter
ADDED from [:lib-todaystepcounter] AndroidManifest.xml:18:5-20:35
	android:required
		ADDED from [:lib-todaystepcounter] AndroidManifest.xml:20:9-32
	android:name
		ADDED from [:lib-todaystepcounter] AndroidManifest.xml:19:9-59
uses-feature#android.hardware.sensor.stepdetector
ADDED from [:lib-todaystepcounter] AndroidManifest.xml:21:5-23:35
	android:required
		ADDED from [:lib-todaystepcounter] AndroidManifest.xml:23:9-32
	android:name
		ADDED from [:lib-todaystepcounter] AndroidManifest.xml:22:9-60
service#com.today.step.lib.TodayStepService
ADDED from [:lib-todaystepcounter] AndroidManifest.xml:28:9-46:19
	android:process
		ADDED from [:lib-todaystepcounter] AndroidManifest.xml:34:13-41
	android:enabled
		ADDED from [:lib-todaystepcounter] AndroidManifest.xml:30:13-35
	android:launchMode
		ADDED from [:lib-todaystepcounter] AndroidManifest.xml:32:13-48
	android:exported
		ADDED from [:lib-todaystepcounter] AndroidManifest.xml:31:13-37
	android:priority
		ADDED from [:lib-todaystepcounter] AndroidManifest.xml:33:13-36
	android:name
		ADDED from [:lib-todaystepcounter] AndroidManifest.xml:29:13-63
intent-filter#action:name:android.intent.action.ACTION_POWER_CONNECTED+action:name:android.intent.action.ACTION_POWER_DISCONNECTED+action:name:android.intent.action.ACTION_TIME_TICK+action:name:android.intent.action.BOOT_COMPLETED+action:name:android.intent.action.DATE_CHANGED+action:name:android.intent.action.MEDIA_MOUNTED+action:name:android.intent.action.USER_PRESENT
ADDED from [:lib-todaystepcounter] AndroidManifest.xml:35:13-45:29
action#android.intent.action.BOOT_COMPLETED
ADDED from [:lib-todaystepcounter] AndroidManifest.xml:38:17-79
	android:name
		ADDED from [:lib-todaystepcounter] AndroidManifest.xml:38:25-76
action#android.intent.action.DATE_CHANGED
ADDED from [:lib-todaystepcounter] AndroidManifest.xml:39:17-77
	android:name
		ADDED from [:lib-todaystepcounter] AndroidManifest.xml:39:25-74
action#android.intent.action.MEDIA_MOUNTED
ADDED from [:lib-todaystepcounter] AndroidManifest.xml:40:17-78
	android:name
		ADDED from [:lib-todaystepcounter] AndroidManifest.xml:40:25-75
action#android.intent.action.USER_PRESENT
ADDED from [:lib-todaystepcounter] AndroidManifest.xml:41:17-77
	android:name
		ADDED from [:lib-todaystepcounter] AndroidManifest.xml:41:25-74
action#android.intent.action.ACTION_TIME_TICK
ADDED from [:lib-todaystepcounter] AndroidManifest.xml:42:17-81
	android:name
		ADDED from [:lib-todaystepcounter] AndroidManifest.xml:42:25-78
action#android.intent.action.ACTION_POWER_CONNECTED
ADDED from [:lib-todaystepcounter] AndroidManifest.xml:43:17-87
	android:name
		ADDED from [:lib-todaystepcounter] AndroidManifest.xml:43:25-84
action#android.intent.action.ACTION_POWER_DISCONNECTED
ADDED from [:lib-todaystepcounter] AndroidManifest.xml:44:17-90
	android:name
		ADDED from [:lib-todaystepcounter] AndroidManifest.xml:44:25-87
receiver#com.today.step.lib.TodayStepBootCompleteReceiver
ADDED from [:lib-todaystepcounter] AndroidManifest.xml:49:9-56:20
	android:enabled
		ADDED from [:lib-todaystepcounter] AndroidManifest.xml:51:13-35
	android:exported